/.
/texmf-config/.
/texmf-dist/.
/texmf-dist/fonts/.
/texmf-dist/fonts/enc/.
/texmf-dist/fonts/enc/dvips/.
/texmf-dist/fonts/enc/dvips/tex-gyre/.
/texmf-dist/fonts/map/.
/texmf-dist/fonts/map/pdftex/.
/texmf-dist/fonts/map/pdftex/updmap/.
/texmf-dist/fonts/tfm/.
/texmf-dist/fonts/tfm/public/.
/texmf-dist/fonts/tfm/public/tex-gyre/.
/texmf-dist/fonts/type1/.
/texmf-dist/fonts/type1/public/.
/texmf-dist/fonts/type1/public/tex-gyre/.
/texmf-dist/tex/.
/texmf-dist/tex/context/.
/texmf-dist/tex/context/base/.
/texmf-dist/tex/context/base/mkii/.
/texmf-dist/tex/generic/.
/texmf-dist/tex/generic/ifxetex/.
/texmf-dist/tex/generic/oberdiek/.
/texmf-dist/tex/generic/pgf/.
/texmf-dist/tex/generic/pgf/basiclayer/.
/texmf-dist/tex/generic/pgf/frontendlayer/.
/texmf-dist/tex/generic/pgf/frontendlayer/tikz/.
/texmf-dist/tex/generic/pgf/frontendlayer/tikz/libraries/.
/texmf-dist/tex/generic/pgf/libraries/.
/texmf-dist/tex/generic/pgf/math/.
/texmf-dist/tex/generic/pgf/modules/.
/texmf-dist/tex/generic/pgf/systemlayer/.
/texmf-dist/tex/generic/pgf/utilities/.
/texmf-dist/tex/latex/.
/texmf-dist/tex/latex/anyfontsize/.
/texmf-dist/tex/latex/base/.
/texmf-dist/tex/latex/forloop/.
/texmf-dist/tex/latex/geometry/.
/texmf-dist/tex/latex/graphics/.
/texmf-dist/tex/latex/graphics-cfg/.
/texmf-dist/tex/latex/graphics-def/.
/texmf-dist/tex/latex/latexconfig/.
/texmf-dist/tex/latex/ms/.
/texmf-dist/tex/latex/oberdiek/.
/texmf-dist/tex/latex/pgf/.
/texmf-dist/tex/latex/pgf/basiclayer/.
/texmf-dist/tex/latex/pgf/compatibility/.
/texmf-dist/tex/latex/pgf/frontendlayer/.
/texmf-dist/tex/latex/pgf/math/.
/texmf-dist/tex/latex/pgf/systemlayer/.
/texmf-dist/tex/latex/pgf/utilities/.
/texmf-dist/tex/latex/tex-gyre/.
/texmf-dist/tex/latex/xcolor/.
/texmf-dist/web2c/.
/texmf-var/.
/texmf-var/web2c/.
/texmf-var/web2c/pdftex/.
/texmf.cnf
/texmf-config/ls-R
/texmf-dist/ls-R
/texmf-dist/fonts/enc/dvips/tex-gyre/q-rm.enc
/texmf-dist/fonts/map/pdftex/updmap/pdftex.map
/texmf-dist/fonts/tfm/public/tex-gyre/rm-qhvb.tfm
/texmf-dist/fonts/tfm/public/tex-gyre/rm-qhvr.tfm
/texmf-dist/fonts/type1/public/tex-gyre/qhvb.pfb
/texmf-dist/fonts/type1/public/tex-gyre/qhvr.pfb
/texmf-dist/tex/context/base/mkii/supp-pdf.mkii
/texmf-dist/tex/generic/ifxetex/ifxetex.sty
/texmf-dist/tex/generic/oberdiek/etexcmds.sty
/texmf-dist/tex/generic/oberdiek/ifluatex.sty
/texmf-dist/tex/generic/oberdiek/ifpdf.sty
/texmf-dist/tex/generic/oberdiek/ifvtex.sty
/texmf-dist/tex/generic/oberdiek/infwarerr.sty
/texmf-dist/tex/generic/oberdiek/kvdefinekeys.sty
/texmf-dist/tex/generic/oberdiek/kvsetkeys.sty
/texmf-dist/tex/generic/oberdiek/ltxcmds.sty
/texmf-dist/tex/generic/oberdiek/pdftexcmds.sty
/texmf-dist/tex/generic/pgf/basiclayer/pgfcore.code.tex
/texmf-dist/tex/generic/pgf/basiclayer/pgfcorearrows.code.tex
/texmf-dist/tex/generic/pgf/basiclayer/pgfcoreexternal.code.tex
/texmf-dist/tex/generic/pgf/basiclayer/pgfcoregraphicstate.code.tex
/texmf-dist/tex/generic/pgf/basiclayer/pgfcoreimage.code.tex
/texmf-dist/tex/generic/pgf/basiclayer/pgfcorelayers.code.tex
/texmf-dist/tex/generic/pgf/basiclayer/pgfcoreobjects.code.tex
/texmf-dist/tex/generic/pgf/basiclayer/pgfcorepatterns.code.tex
/texmf-dist/tex/generic/pgf/basiclayer/pgfcoretransparency.code.tex
/texmf-dist/tex/generic/pgf/basiclayer/pgfcorepathconstruct.code.tex
/texmf-dist/tex/generic/pgf/basiclayer/pgfcorepathprocessing.code.tex
/texmf-dist/tex/generic/pgf/basiclayer/pgfcorepathusage.code.tex
/texmf-dist/tex/generic/pgf/basiclayer/pgfcorepoints.code.tex
/texmf-dist/tex/generic/pgf/basiclayer/pgfcorequick.code.tex
/texmf-dist/tex/generic/pgf/basiclayer/pgfcorescopes.code.tex
/texmf-dist/tex/generic/pgf/basiclayer/pgfcoreshade.code.tex
/texmf-dist/tex/generic/pgf/basiclayer/pgfcoretransformations.code.tex
/texmf-dist/tex/generic/pgf/frontendlayer/tikz/tikz.code.tex
/texmf-dist/tex/generic/pgf/frontendlayer/tikz/libraries/tikzlibrarytopaths.code.tex
/texmf-dist/tex/generic/pgf/libraries/pgflibraryplothandlers.code.tex
/texmf-dist/tex/generic/pgf/math/pgfmath.code.tex
/texmf-dist/tex/generic/pgf/math/pgfmathcalc.code.tex
/texmf-dist/tex/generic/pgf/math/pgfmathfloat.code.tex
/texmf-dist/tex/generic/pgf/math/pgfmathfunctions.base.code.tex
/texmf-dist/tex/generic/pgf/math/pgfmathfunctions.basic.code.tex
/texmf-dist/tex/generic/pgf/math/pgfmathfunctions.code.tex
/texmf-dist/tex/generic/pgf/math/pgfmathfunctions.comparison.code.tex
/texmf-dist/tex/generic/pgf/math/pgfmathfunctions.integerarithmetics.code.tex
/texmf-dist/tex/generic/pgf/math/pgfmathfunctions.misc.code.tex
/texmf-dist/tex/generic/pgf/math/pgfmathfunctions.random.code.tex
/texmf-dist/tex/generic/pgf/math/pgfmathfunctions.round.code.tex
/texmf-dist/tex/generic/pgf/math/pgfmathfunctions.trigonometric.code.tex
/texmf-dist/tex/generic/pgf/math/pgfmathparser.code.tex
/texmf-dist/tex/generic/pgf/math/pgfmathutil.code.tex
/texmf-dist/tex/generic/pgf/modules/pgfmodulematrix.code.tex
/texmf-dist/tex/generic/pgf/modules/pgfmoduleplot.code.tex
/texmf-dist/tex/generic/pgf/modules/pgfmoduleshapes.code.tex
/texmf-dist/tex/generic/pgf/systemlayer/pgf.cfg
/texmf-dist/tex/generic/pgf/systemlayer/pgfsys.code.tex
/texmf-dist/tex/generic/pgf/systemlayer/pgfsys-common-pdf.def
/texmf-dist/tex/generic/pgf/systemlayer/pgfsys-pdftex.def
/texmf-dist/tex/generic/pgf/systemlayer/pgfsysprotocol.code.tex
/texmf-dist/tex/generic/pgf/systemlayer/pgfsyssoftpath.code.tex
/texmf-dist/tex/generic/pgf/utilities/pgffor.code.tex
/texmf-dist/tex/generic/pgf/utilities/pgfkeys.code.tex
/texmf-dist/tex/generic/pgf/utilities/pgfkeysfiltered.code.tex
/texmf-dist/tex/generic/pgf/utilities/pgfrcs.code.tex
/texmf-dist/tex/generic/pgf/utilities/pgfutil-common.tex
/texmf-dist/tex/generic/pgf/utilities/pgfutil-common-lists.tex
/texmf-dist/tex/generic/pgf/utilities/pgfutil-latex.def
/texmf-dist/tex/latex/anyfontsize/anyfontsize.sty
/texmf-dist/tex/latex/base/article.cls
/texmf-dist/tex/latex/base/ifthen.sty
/texmf-dist/tex/latex/base/size10.clo
/texmf-dist/tex/latex/forloop/forloop.sty
/texmf-dist/tex/latex/geometry/geometry.sty
/texmf-dist/tex/latex/graphics/graphics.sty
/texmf-dist/tex/latex/graphics/graphicx.sty
/texmf-dist/tex/latex/graphics/keyval.sty
/texmf-dist/tex/latex/graphics/rotating.sty
/texmf-dist/tex/latex/graphics/trig.sty
/texmf-dist/tex/latex/graphics-cfg/color.cfg
/texmf-dist/tex/latex/graphics-cfg/graphics.cfg
/texmf-dist/tex/latex/graphics-def/pdftex.def
/texmf-dist/tex/latex/latexconfig/epstopdf-sys.cfg
/texmf-dist/tex/latex/ms/everyshi.sty
/texmf-dist/tex/latex/oberdiek/epstopdf-base.sty
/texmf-dist/tex/latex/oberdiek/grfext.sty
/texmf-dist/tex/latex/oberdiek/kvoptions.sty
/texmf-dist/tex/latex/pgf/basiclayer/pgf.sty
/texmf-dist/tex/latex/pgf/basiclayer/pgfcore.sty
/texmf-dist/tex/latex/pgf/compatibility/pgfcomp-version-0-65.sty
/texmf-dist/tex/latex/pgf/compatibility/pgfcomp-version-1-18.sty
/texmf-dist/tex/latex/pgf/frontendlayer/tikz.sty
/texmf-dist/tex/latex/pgf/math/pgfmath.sty
/texmf-dist/tex/latex/pgf/systemlayer/pgfsys.sty
/texmf-dist/tex/latex/pgf/utilities/pgffor.sty
/texmf-dist/tex/latex/pgf/utilities/pgfkeys.sty
/texmf-dist/tex/latex/pgf/utilities/pgfrcs.sty
/texmf-dist/tex/latex/tex-gyre/ot1qhv.fd
/texmf-dist/tex/latex/xcolor/xcolor.sty
/texmf-dist/web2c/texmf.cnf
/texmf-var/ls-R
/texmf-var/web2c/pdftex/latex.fmt
